<html>
<body>
<pre>
<h1>µVision Build Log</h1>
<h2>Tool Versions:</h2>
IDE-Version: ¦ÌVision V5.25.3.0
Copyright (C) 2018 ARM Ltd and ARM Germany GmbH. All rights reserved.
License Information: songjiangshan songjiangshan, ddd, LIC=03LKP-M9UXQ-37PRW-Q0N7Z-SQ46W-EQ02Q
 
Tool Versions:
Toolchain:       PK51 Prof. Developers Kit  Version: 9.59.0.0
Toolchain Path:  C:\Keil_v5\C51\BIN
C Compiler:      C51.exe V9.59.0.0
Assembler:       A51.exe V8.2.7.0
Linker/Locator:  BL51.exe V6.22.2.0
Library Manager: LIB51.exe V4.30.1.0
Hex Converter:   OH51.exe V2.7.0.0
CPU DLL:         S8051.DLL V3.122.0.0
Dialog DLL:      DP51.DLL V2.66.0.0 
<h2>Project:</h2>
D:\tsdx\compiler\editor8051\src\asm8051\test\uv_proj\test1.uvproj
Project File Date:  07/07/2020

<h2>Output:</h2>
Rebuild target 'Target 1'
assembling test_any.a51...
test_any.a51(404): error A51: TARGET OUT OF RANGE
test_any.a51(583): error A51: TARGET OUT OF RANGE
test_any.a51(602): error A51: TARGET OUT OF RANGE
test_any.a51(621): error A51: TARGET OUT OF RANGE
test_any.a51(640): error A51: TARGET OUT OF RANGE
test_any.a51(659): error A51: TARGET OUT OF RANGE
test_any.a51(678): error A51: TARGET OUT OF RANGE
test_any.a51(690): warning A52: VALUE HAS BEEN TRUNCATED TO 8 BITS
test_any.a51(750): error A34: ',' EXPECTED
test_any.a51(750): error A34: ',' EXPECTED
test_any.a51(750): error A34: ',' EXPECTED
test_any.a51(750): error A34: ',' EXPECTED
test_any.a51(750): error A34: ',' EXPECTED
Target not created.
Build Time Elapsed:  00:00:00
</pre>
</body>
</html>
